<?xml version="1.0" encoding="UTF-8"?>
<!-- Generated by org.testng.reporters.JUnitXMLReporter -->
<testsuite ignored="0" hostname="Meenus" failures="0" tests="10" name="Test" time="114.582" errors="0" timestamp="2026-07-10T08:31:24 IST">
  <testcase classname="testscript.ManageCategoryTest" name="enterCategoryItem" time="5.032"/>
  <testcase classname="testscript.ManageDeliveryboyTest" name="manageDeliveryboy" time="5.821"/>
  <testcase classname="testscript.AdminUsersTest" name="AdminUsers" time="3.234"/>
  <testcase classname="testscript.ManagePagesTest" name="managePage" time="5.3"/>
  <testcase classname="testscript.ManageNewsTest" name="enterNewsOnManageNewsField" time="5.208"/>
  <testcase classname="testscript.LogOutTest" name="verifyUserCanLogoutSuccessfullyFromDashboard" time="1.701"/>
  <testcase classname="testscript.LoginTest" name="verifyTheUserIsAbleToLoginwithInValidCredentials" time="0.603"/>
  <testcase classname="testscript.LoginTest" name="verifyTheUserIsAbleToLoginwithInValidusernameAndValidPassword" time="0.527"/>
  <testcase classname="testscript.LoginTest" name="verifyTheUserIsAbleToLoginwithValidCredentials" time="2.036"/>
  <testcase classname="testscript.LoginTest" name="verifyTheUserIsAbleToLoginwithValidusernameAndValidPassword" time="1.249"/>
</testsuite> <!-- Test -->
