<?xml version="1.0" encoding="UTF-8"?>
<!-- Generated by org.testng.reporters.JUnitXMLReporter -->
<testsuite ignored="0" hostname="Meenus" failures="0" tests="10" name="Test" time="195.678" errors="0" timestamp="2026-07-13T00:28:47 IST">
  <testcase classname="testscript.ManageCategoryTest" name="enterCategoryItem" time="4.253"/>
  <testcase classname="testscript.ManageDeliveryboyTest" name="manageDeliveryboy" time="5.227"/>
  <testcase classname="testscript.AdminUsersTest" name="AdminUsers" time="6.263"/>
  <testcase classname="testscript.ManagePagesTest" name="managePage" time="4.587"/>
  <testcase classname="testscript.ManageNewsTest" name="enterNewsOnManageNewsField" time="2.722"/>
  <testcase classname="testscript.LogOutTest" name="verifyUserCanLogoutSuccessfullyFromDashboard" time="2.467"/>
  <testcase classname="testscript.LoginTest" name="verifyTheUserIsAbleToLoginwithInValidCredentials" time="1.085"/>
  <testcase classname="testscript.LoginTest" name="verifyTheUserIsAbleToLoginwithInValidusernameAndValidPassword" time="0.875"/>
  <testcase classname="testscript.LoginTest" name="verifyTheUserIsAbleToLoginwithValidCredentials" time="2.738"/>
  <testcase classname="testscript.LoginTest" name="verifyTheUserIsAbleToLoginwithValidusernameAndValidPassword" time="1.194"/>
</testsuite> <!-- Test -->
