<?xml version="1.0" encoding="UTF-8"?>
<testng-results ignored="0" total="1" passed="1" failed="0" skipped="0">
  <reporter-output>
  </reporter-output>
  <suite started-at="2026-07-13T11:54:04 IST" name="Suite" finished-at="2026-07-13T11:54:20 IST" duration-ms="16375">
    <groups>
    </groups>
    <test started-at="2026-07-13T11:54:04 IST" name="Test" finished-at="2026-07-13T11:54:20 IST" duration-ms="16375">
      <class name="testscript.ManageNewsTest">
        <test-method is-config="true" signature="initializeBrowser(java.lang.String)[pri:0, instance:testscript.ManageNewsTest@2f953efd]" started-at="2026-07-13T11:54:04 IST" name="initializeBrowser" finished-at="2026-07-13T11:54:16 IST" duration-ms="11730" status="PASS">
          <params>
            <param index="0">
              <value>
                <![CDATA[chrome]]>
              </value>
            </param>
          </params>
          <reporter-output>
          </reporter-output>
        </test-method> <!-- initializeBrowser -->
        <test-method signature="enterNewsOnManageNewsField()[pri:0, instance:testscript.ManageNewsTest@2f953efd]" started-at="2026-07-13T11:54:16 IST" name="enterNewsOnManageNewsField" finished-at="2026-07-13T11:54:20 IST" duration-ms="4562" status="PASS">
          <reporter-output>
          </reporter-output>
        </test-method> <!-- enterNewsOnManageNewsField -->
      </class> <!-- testscript.ManageNewsTest -->
    </test> <!-- Test -->
  </suite> <!-- Suite -->
</testng-results>
