<?xml version="1.0" encoding="UTF-8"?>
<!-- Generated by org.testng.reporters.JUnitReportReporter -->
<testsuite hostname="Meenus" failures="0" tests="4" name="testscript.LoginTest" time="38.600" errors="0" timestamp="2026-07-10T08:31:24 IST" skipped="0">
  <testcase classname="testscript.LoginTest" name="verifyTheUserIsAbleToLoginwithValidusernameAndValidPassword" time="10.106"/>
  <testcase classname="testscript.LoginTest" name="verifyTheUserIsAbleToLoginwithValidCredentials" time="12.195"/>
  <testcase classname="testscript.LoginTest" name="verifyTheUserIsAbleToLoginwithInValidCredentials" time="6.652"/>
  <testcase classname="testscript.LoginTest" name="verifyTheUserIsAbleToLoginwithInValidusernameAndValidPassword" time="9.647"/>
</testsuite> <!-- testscript.LoginTest -->
