<?xml version="1.0" encoding="UTF-8"?>
<!-- Generated by org.testng.reporters.JUnitReportReporter -->
<testsuite hostname="Meenus" failures="0" tests="4" name="testscript.LoginTest" time="82.293" errors="0" timestamp="2026-07-13T00:28:48 IST" skipped="0">
  <testcase classname="testscript.LoginTest" name="verifyTheUserIsAbleToLoginwithValidusernameAndValidPassword" time="18.170"/>
  <testcase classname="testscript.LoginTest" name="verifyTheUserIsAbleToLoginwithValidCredentials" time="14.522"/>
  <testcase classname="testscript.LoginTest" name="verifyTheUserIsAbleToLoginwithInValidCredentials" time="34.381"/>
  <testcase classname="testscript.LoginTest" name="verifyTheUserIsAbleToLoginwithInValidusernameAndValidPassword" time="15.220"/>
</testsuite> <!-- testscript.LoginTest -->
